mode: set
github.com/hsjsjsj009/danggo/response/response_module.go:11.51,13.2 1 1
github.com/hsjsjsj009/danggo/response/response_module.go:15.84,17.2 1 1
github.com/hsjsjsj009/danggo/response/response_module.go:19.66,20.21 1 1
github.com/hsjsjsj009/danggo/response/response_module.go:20.21,21.34 1 1
github.com/hsjsjsj009/danggo/response/response_module.go:21.34,23.4 1 1
github.com/hsjsjsj009/danggo/response/response_module.go:27.66,30.2 2 1
github.com/hsjsjsj009/danggo/response/response_module.go:32.71,33.21 1 1
github.com/hsjsjsj009/danggo/response/response_module.go:36.2,37.16 2 1
github.com/hsjsjsj009/danggo/response/response_module.go:33.21,35.3 1 1
github.com/hsjsjsj009/danggo/response/response_module.go:40.46,42.2 1 0
github.com/hsjsjsj009/danggo/response/response_module.go:44.56,47.2 2 1
github.com/hsjsjsj009/danggo/response/http_response.go:14.51,18.2 3 1
github.com/hsjsjsj009/danggo/response/http_response.go:20.77,21.42 1 1
github.com/hsjsjsj009/danggo/response/http_response.go:24.2,24.39 1 1
github.com/hsjsjsj009/danggo/response/http_response.go:21.42,23.3 1 1
github.com/hsjsjsj009/danggo/response/json_response.go:13.61,17.2 3 1
github.com/hsjsjsj009/danggo/response/json_response.go:19.76,22.16 2 1
github.com/hsjsjsj009/danggo/response/json_response.go:26.2,28.15 2 1
github.com/hsjsjsj009/danggo/response/json_response.go:22.16,24.3 1 0
github.com/hsjsjsj009/danggo/response/redirect.go:14.78,16.21 2 1
github.com/hsjsjsj009/danggo/response/redirect.go:19.2,20.16 2 1
github.com/hsjsjsj009/danggo/response/redirect.go:16.21,18.3 1 1
github.com/hsjsjsj009/danggo/response/redirect.go:23.59,27.2 3 1
github.com/hsjsjsj009/danggo/response/render_template.go:16.71,21.2 4 1
github.com/hsjsjsj009/danggo/response/render_template.go:23.84,24.18 1 1
github.com/hsjsjsj009/danggo/response/render_template.go:27.2,29.16 3 1
github.com/hsjsjsj009/danggo/response/render_template.go:32.2,33.24 2 1
github.com/hsjsjsj009/danggo/response/render_template.go:24.18,26.3 1 0
github.com/hsjsjsj009/danggo/response/render_template.go:29.16,31.3 1 0
github.com/hsjsjsj009/danggo/app.go:15.19,17.2 1 1
github.com/hsjsjsj009/danggo/app.go:19.44,21.2 1 1
github.com/hsjsjsj009/danggo/app.go:23.66,31.12 5 1
github.com/hsjsjsj009/danggo/app.go:38.2,41.20 3 1
github.com/hsjsjsj009/danggo/app.go:48.2,54.31 4 1
github.com/hsjsjsj009/danggo/app.go:62.2,62.16 1 1
github.com/hsjsjsj009/danggo/app.go:69.2,69.63 1 1
github.com/hsjsjsj009/danggo/app.go:75.2,77.34 2 1
github.com/hsjsjsj009/danggo/app.go:31.12,36.3 4 1
github.com/hsjsjsj009/danggo/app.go:41.20,46.3 4 1
github.com/hsjsjsj009/danggo/app.go:54.31,55.64 1 1
github.com/hsjsjsj009/danggo/app.go:58.3,59.9 2 1
github.com/hsjsjsj009/danggo/app.go:55.64,57.4 1 1
github.com/hsjsjsj009/danggo/app.go:62.16,67.3 4 0
github.com/hsjsjsj009/danggo/app.go:69.63,71.3 1 1
github.com/hsjsjsj009/danggo/app.go:71.7,73.3 1 1
github.com/hsjsjsj009/danggo/app.go:80.52,82.2 1 1
github.com/hsjsjsj009/danggo/app.go:84.33,87.2 2 0
github.com/hsjsjsj009/danggo/handler.go:12.89,14.2 1 1
github.com/hsjsjsj009/danggo/parser.go:7.95,16.33 4 1
github.com/hsjsjsj009/danggo/parser.go:24.2,24.28 1 1
github.com/hsjsjsj009/danggo/parser.go:16.33,18.65 2 1
github.com/hsjsjsj009/danggo/parser.go:18.65,20.9 2 1
github.com/hsjsjsj009/danggo/parser.go:27.78,28.30 1 1
github.com/hsjsjsj009/danggo/parser.go:32.2,36.35 3 1
github.com/hsjsjsj009/danggo/parser.go:54.2,54.18 1 1
github.com/hsjsjsj009/danggo/parser.go:28.30,30.3 1 1
github.com/hsjsjsj009/danggo/parser.go:36.35,39.31 2 1
github.com/hsjsjsj009/danggo/parser.go:43.3,43.58 1 1
github.com/hsjsjsj009/danggo/parser.go:49.3,50.8 2 1
github.com/hsjsjsj009/danggo/parser.go:39.31,40.12 1 1
github.com/hsjsjsj009/danggo/parser.go:43.58,46.12 3 1
github.com/hsjsjsj009/danggo/parser.go:57.39,62.37 5 1
github.com/hsjsjsj009/danggo/parser.go:66.2,66.18 1 1
github.com/hsjsjsj009/danggo/parser.go:62.37,64.3 1 1
github.com/hsjsjsj009/danggo/request.go:10.72,12.2 1 1
github.com/hsjsjsj009/danggo/request.go:14.63,16.2 1 0
github.com/hsjsjsj009/danggo/route.go:13.89,16.9 3 1
github.com/hsjsjsj009/danggo/route.go:22.2,22.35 1 1
github.com/hsjsjsj009/danggo/route.go:16.9,20.3 3 1
github.com/hsjsjsj009/danggo/route.go:22.35,25.3 2 1
github.com/hsjsjsj009/danggo/route.go:28.67,30.2 1 1
github.com/hsjsjsj009/danggo/route.go:32.68,34.2 1 1
github.com/hsjsjsj009/danggo/route.go:36.67,38.2 1 1
github.com/hsjsjsj009/danggo/route.go:40.70,42.2 1 1
github.com/hsjsjsj009/danggo/route.go:44.46,46.20 2 1
github.com/hsjsjsj009/danggo/route.go:49.2,49.43 1 1
github.com/hsjsjsj009/danggo/route.go:46.20,48.3 1 1
